<?xml version="1.0" encoding="UTF-8"?>
<!-- Generated by org.testng.reporters.JUnitReportReporter -->
<testsuite hostname="DESKTOP-RRL37TT" failures="0" tests="5" name="com.selenium.test.googleTest" time="55.243" errors="0" timestamp="2024-12-13T09:21:00 ART" skipped="0">
  <testcase classname="com.selenium.test.googleTest" name="ValidarGoogleSearch" time="9.847">
    <system-out>
      <![CDATA[PÃ¡gina de Google cargada
Verificar que la barra de bÃºsqueda se estÃ© mostrando
Validar que la barra de bÃºsqueda estÃ© visible
Ingresar el texto 'Shakira'
Ingresar el texto 'Shakira' en la barra de bÃºsqueda
Presionar Enter para buscar
Presionar Enter en la barra de bÃºsqueda
Verificar que el tÃ­tulo del primer resultado contenga el texto buscado
Obteniendo el tÃ­tulo del primer resultado
Texto del primer resultado: Shakira - Wikipedia, la enciclopedia libre
Verificar que las estadÃ­sticas de resultados estÃ©n visibles
Obteniendo las estadÃ­sticas de los resultados
Espera]]>
    </system-out>
  </testcase> <!-- ValidarGoogleSearch -->
  <testcase classname="com.selenium.test.googleTest" name="BuscarYValidarOtraPaginaChrome" time="9.448">
    <system-out>
      <![CDATA[PÃ¡gina de Google cargada
Verificar que la barra de bÃºsqueda se estÃ© mostrando
Validar que la barra de bÃºsqueda estÃ© visible
Ingresar el texto 'Selenium'
Ingresar el texto 'Selenium' en la barra de bÃºsqueda
Presionar Enter para buscar
Presionar Enter en la barra de bÃºsqueda
Verificar que el tÃ­tulo del primer resultado contenga el texto buscado
Obteniendo el tÃ­tulo del primer resultado
Texto del primer resultado: Selenium
Verificar que las estadÃ­sticas de resultados estÃ©n visibles
Obteniendo las estadÃ­sticas de los resultados
Espera]]>
    </system-out>
  </testcase> <!-- BuscarYValidarOtraPaginaChrome -->
  <testcase classname="com.selenium.test.googleTest" name="ValidarGoogleSearch" time="15.055">
    <system-out>
      <![CDATA[PÃ¡gina de Google cargada
Verificar que la barra de bÃºsqueda se estÃ© mostrando
Validar que la barra de bÃºsqueda estÃ© visible
Ingresar el texto 'La Oreja de Van Gogh'
Ingresar el texto 'La Oreja de Van Gogh' en la barra de bÃºsqueda
Presionar Enter para buscar
Presionar Enter en la barra de bÃºsqueda
Verificar que el tÃ­tulo del primer resultado contenga el texto buscado
Obteniendo el tÃ­tulo del primer resultado
Texto del primer resultado: La Oreja de Van Gogh
Verificar que las estadÃ­sticas de resultados estÃ©n visibles
Obteniendo las estadÃ­sticas de los resultados
Espera]]>
    </system-out>
  </testcase> <!-- ValidarGoogleSearch -->
  <testcase classname="com.selenium.test.googleTest" name="ValidarGoogleSearch" time="10.925">
    <system-out>
      <![CDATA[PÃ¡gina de Google cargada
Verificar que la barra de bÃºsqueda se estÃ© mostrando
Validar que la barra de bÃºsqueda estÃ© visible
Ingresar el texto 'Messi'
Ingresar el texto 'Messi' en la barra de bÃºsqueda
Presionar Enter para buscar
Presionar Enter en la barra de bÃºsqueda
Verificar que el tÃ­tulo del primer resultado contenga el texto buscado
Obteniendo el tÃ­tulo del primer resultado
Texto del primer resultado: Lionel Messi - Wikipedia, la enciclopedia libre
Verificar que las estadÃ­sticas de resultados estÃ©n visibles
Obteniendo las estadÃ­sticas de los resultados
Espera]]>
    </system-out>
  </testcase> <!-- ValidarGoogleSearch -->
  <testcase classname="com.selenium.test.googleTest" name="ValidarGoogleSearch" time="9.968">
    <system-out>
      <![CDATA[PÃ¡gina de Google cargada
Verificar que la barra de bÃºsqueda se estÃ© mostrando
Validar que la barra de bÃºsqueda estÃ© visible
Ingresar el texto 'Arjona'
Ingresar el texto 'Arjona' en la barra de bÃºsqueda
Presionar Enter para buscar
Presionar Enter en la barra de bÃºsqueda
Verificar que el tÃ­tulo del primer resultado contenga el texto buscado
Obteniendo el tÃ­tulo del primer resultado
Texto del primer resultado: Ricardo Arjona ® (@ricardoarjona)
Verificar que las estadÃ­sticas de resultados estÃ©n visibles
Obteniendo las estadÃ­sticas de los resultados
Espera]]>
    </system-out>
  </testcase> <!-- ValidarGoogleSearch -->
  <system-out>
    <![CDATA[Abro browser
PÃ¡gina de Google cargada
Verificar que la barra de bÃºsqueda se estÃ© mostrando
Validar que la barra de bÃºsqueda estÃ© visible
Ingresar el texto 'Shakira'
Ingresar el texto 'Shakira' en la barra de bÃºsqueda
Presionar Enter para buscar
Presionar Enter en la barra de bÃºsqueda
Verificar que el tÃ­tulo del primer resultado contenga el texto buscado
Obteniendo el tÃ­tulo del primer resultado
Texto del primer resultado: Shakira - Wikipedia, la enciclopedia libre
Verificar que las estadÃ­sticas de resultados estÃ©n visibles
Obteniendo las estadÃ­sticas de los resultados
Espera
Cerrando el browser
Abro browser
PÃ¡gina de Google cargada
Verificar que la barra de bÃºsqueda se estÃ© mostrando
Validar que la barra de bÃºsqueda estÃ© visible
Ingresar el texto 'Messi'
Ingresar el texto 'Messi' en la barra de bÃºsqueda
Presionar Enter para buscar
Presionar Enter en la barra de bÃºsqueda
Verificar que el tÃ­tulo del primer resultado contenga el texto buscado
Obteniendo el tÃ­tulo del primer resultado
Texto del primer resultado: Lionel Messi - Wikipedia, la enciclopedia libre
Verificar que las estadÃ­sticas de resultados estÃ©n visibles
Obteniendo las estadÃ­sticas de los resultados
Espera
Cerrando el browser
Abro browser
PÃ¡gina de Google cargada
Verificar que la barra de bÃºsqueda se estÃ© mostrando
Validar que la barra de bÃºsqueda estÃ© visible
Ingresar el texto 'Arjona'
Ingresar el texto 'Arjona' en la barra de bÃºsqueda
Presionar Enter para buscar
Presionar Enter en la barra de bÃºsqueda
Verificar que el tÃ­tulo del primer resultado contenga el texto buscado
Obteniendo el tÃ­tulo del primer resultado
Texto del primer resultado: Ricardo Arjona ® (@ricardoarjona)
Verificar que las estadÃ­sticas de resultados estÃ©n visibles
Obteniendo las estadÃ­sticas de los resultados
Espera
Cerrando el browser
Abro browser
PÃ¡gina de Google cargada
Verificar que la barra de bÃºsqueda se estÃ© mostrando
Validar que la barra de bÃºsqueda estÃ© visible
Ingresar el texto 'La Oreja de Van Gogh'
Ingresar el texto 'La Oreja de Van Gogh' en la barra de bÃºsqueda
Presionar Enter para buscar
Presionar Enter en la barra de bÃºsqueda
Verificar que el tÃ­tulo del primer resultado contenga el texto buscado
Obteniendo el tÃ­tulo del primer resultado
Texto del primer resultado: La Oreja de Van Gogh
Verificar que las estadÃ­sticas de resultados estÃ©n visibles
Obteniendo las estadÃ­sticas de los resultados
Espera
Cerrando el browser
Abro browser
PÃ¡gina de Google cargada
Verificar que la barra de bÃºsqueda se estÃ© mostrando
Validar que la barra de bÃºsqueda estÃ© visible
Ingresar el texto 'Selenium'
Ingresar el texto 'Selenium' en la barra de bÃºsqueda
Presionar Enter para buscar
Presionar Enter en la barra de bÃºsqueda
Verificar que el tÃ­tulo del primer resultado contenga el texto buscado
Obteniendo el tÃ­tulo del primer resultado
Texto del primer resultado: Selenium
Verificar que las estadÃ­sticas de resultados estÃ©n visibles
Obteniendo las estadÃ­sticas de los resultados
Espera
Cerrando el browser]]>
  </system-out>
</testsuite> <!-- com.selenium.test.googleTest -->
