<?xml version="1.0" encoding="UTF-8"?>
<!-- Generated by org.testng.reporters.JUnitReportReporter -->
<testsuite hostname="DESKTOP-RRL37TT" failures="0" tests="1" name="com.selenium.test.googleTest" time="12.100" errors="0" timestamp="2024-12-11T08:35:15 ART" skipped="0">
  <testcase classname="com.selenium.test.googleTest" name="ValidarGoogleSearch" time="12.100">
    <system-out>
      <![CDATA[Página de Google cargada
Verificar que la barra de búsqueda se esté mostrando
Validar que la barra de búsqueda esté visible
Ingresar el texto 'Arjona'
Ingresar el texto 'Arjona' en la barra de búsqueda
Presionar Enter para buscar
Presionar Enter en la barra de búsqueda
Verificar que el título del primer resultado contenga el texto buscado
Obteniendo el título del primer resultado
Texto del primer resultado: Ricardo Arjona - Despacio Que Hay Prisa (Video Oficial)
Verificar que las estadísticas de resultados estén visibles
Obteniendo las estadísticas de los resultados
Espera]]>
    </system-out>
  </testcase> <!-- ValidarGoogleSearch -->
  <system-out>
    <![CDATA[Abro browser
Página de Google cargada
Verificar que la barra de búsqueda se esté mostrando
Validar que la barra de búsqueda esté visible
Ingresar el texto 'Arjona'
Ingresar el texto 'Arjona' en la barra de búsqueda
Presionar Enter para buscar
Presionar Enter en la barra de búsqueda
Verificar que el título del primer resultado contenga el texto buscado
Obteniendo el título del primer resultado
Texto del primer resultado: Ricardo Arjona - Despacio Que Hay Prisa (Video Oficial)
Verificar que las estadísticas de resultados estén visibles
Obteniendo las estadísticas de los resultados
Espera
Cerrando el browser]]>
  </system-out>
</testsuite> <!-- com.selenium.test.googleTest -->
