<?xml version="1.0" encoding="UTF-8"?>
<!-- Generated by org.testng.reporters.JUnitReportReporter -->
<testsuite hostname="DESKTOP-RRL37TT" failures="0" tests="1" name="com.selenium.test.wikiTest2" time="7.627" errors="0" timestamp="2024-12-06T08:51:15 ART" skipped="0">
  <testcase classname="com.selenium.test.wikiTest2" name="ValidarWikipedia2" time="7.627">
    <system-out>
      <![CDATA[Caso de prueba Fanny Montoya y Mariana
Localizar la caja de busqueda del home de wiki
Verificar que la caja de busqueda se este mostrando
Validar que exista la caja de busqueda
Ingresar el texto Messi
Localizar y comprobar que la caja de busqueda se muestra
Ingresar la palabra Messi
Presionar Enter
 el titulo que se muestra esLionel Messi]]>
    </system-out>
  </testcase> <!-- ValidarWikipedia2 -->
  <system-out>
    <![CDATA[Abro browser
Caso de prueba Fanny Montoya y Mariana
Localizar la caja de busqueda del home de wiki
Verificar que la caja de busqueda se este mostrando
Validar que exista la caja de busqueda
Ingresar el texto Messi
Localizar y comprobar que la caja de busqueda se muestra
Ingresar la palabra Messi
Presionar Enter
 el titulo que se muestra esLionel Messi
Cerrando el browser]]>
  </system-out>
</testsuite> <!-- com.selenium.test.wikiTest2 -->
